# JRE version: Java(TM) SE Runtime Environment (7.0_45-b18) (build 1.7.0_45-b18)
# Java VM: Java HotSpot(TM) 64-Bit Server VM (24.45-b08 mixed mode bsd-amd64 compressed oops)
Heap
 PSYoungGen      total 220160K, used 65073K [0x0000000138400000, 0x0000000148880000, 0x000000014d980000)
  eden space 182784K, 19% used [0x0000000138400000,0x000000013a6d4b68,0x0000000143680000)
  from space 37376K, 78% used [0x0000000145e00000,0x0000000147ab7ab0,0x0000000148280000)
  to   space 40448K, 0% used [0x0000000143680000,0x0000000143680000,0x0000000145e00000)
 ParOldGen       total 66560K, used 50309K [0x000000010d980000, 0x0000000111a80000, 0x0000000138400000)
  object space 66560K, 75% used [0x000000010d980000,0x0000000110aa1430,0x0000000111a80000)
 PSPermGen       total 38400K, used 37987K [0x0000000108780000, 0x000000010ad00000, 0x000000010d980000)
  object space 38400K, 98% used [0x0000000108780000,0x000000010ac98ea8,0x000000010ad00000)
GC Heap History (10 events):
Event: 7.422 GC heap before
{Heap before GC invocations=9 (full 1):
 PSYoungGen      total 141824K, used 16361K [0x0000000138400000, 0x0000000143200000, 0x000000014d980000)
  eden space 125440K, 0% used [0x0000000138400000,0x0000000138400000,0x000000013fe80000)
  from space 16384K, 99% used [0x0000000141500000,0x00000001424fa5d8,0x0000000142500000)
  to   space 23040K, 0% used [0x000000013fe80000,0x000000013fe80000,0x0000000141500000)
 ParOldGen       total 43520K, used 33274K [0x000000010d980000, 0x0000000110400000, 0x0000000138400000)
  object space 43520K, 76% used [0x000000010d980000,0x000000010f9fe840,0x0000000110400000)
 PSPermGen       total 21504K, used 12795K [0x0000000108780000, 0x0000000109c80000, 0x000000010d980000)
  object space 21504K, 59% used [0x0000000108780000,0x00000001093fed58,0x0000000109c80000)
Event: 7.832 GC heap after
Heap after GC invocations=9 (full 1):
 PSYoungGen      total 141824K, used 0K [0x0000000138400000, 0x0000000143200000, 0x000000014d980000)
  eden space 125440K, 0% used [0x0000000138400000,0x0000000138400000,0x000000013fe80000)
  from space 16384K, 0% used [0x0000000141500000,0x0000000141500000,0x0000000142500000)
  to   space 23040K, 0% used [0x000000013fe80000,0x000000013fe80000,0x0000000141500000)
 ParOldGen       total 66560K, used 29199K [0x000000010d980000, 0x0000000111a80000, 0x0000000138400000)
  object space 66560K, 43% used [0x000000010d980000,0x000000010f603e50,0x0000000111a80000)
 PSPermGen       total 25600K, used 12792K [0x0000000108780000, 0x000000010a080000, 0x000000010d980000)
  object space 25600K, 49% used [0x0000000108780000,0x00000001093fe088,0x000000010a080000)
}
Event: 10.680 GC heap before
{Heap before GC invocations=10 (full 1):
 PSYoungGen      total 141824K, used 125440K [0x0000000138400000, 0x0000000143200000, 0x000000014d980000)
  eden space 125440K, 100% used [0x0000000138400000,0x000000013fe80000,0x000000013fe80000)
  from space 16384K, 0% used [0x0000000141500000,0x0000000141500000,0x0000000142500000)
  to   space 23040K, 0% used [0x000000013fe80000,0x000000013fe80000,0x0000000141500000)
 ParOldGen       total 66560K, used 29199K [0x000000010d980000, 0x0000000111a80000, 0x0000000138400000)
  object space 66560K, 43% used [0x000000010d980000,0x000000010f603e50,0x0000000111a80000)
 PSPermGen       total 25600K, used 12802K [0x0000000108780000, 0x000000010a080000, 0x000000010d980000)
  object space 25600K, 50% used [0x0000000108780000,0x00000001094008c0,0x000000010a080000)
Event: 10.768 GC heap after
Heap after GC invocations=10 (full 1):
 PSYoungGen      total 148480K, used 23038K [0x0000000138400000, 0x0000000145680000, 0x000000014d980000)
  eden space 125440K, 0% used [0x0000000138400000,0x0000000138400000,0x000000013fe80000)
  from space 23040K, 99% used [0x000000013fe80000,0x00000001414ff928,0x0000000141500000)
  to   space 29184K, 0% used [0x0000000143a00000,0x0000000143a00000,0x0000000145680000)
 ParOldGen       total 66560K, used 34700K [0x000000010d980000, 0x0000000111a80000, 0x0000000138400000)
  object space 66560K, 52% used [0x000000010d980000,0x000000010fb63250,0x0000000111a80000)
 PSPermGen       total 25600K, used 12802K [0x0000000108780000, 0x000000010a080000, 0x000000010d980000)
  object space 25600K, 50% used [0x0000000108780000,0x00000001094008c0,0x000000010a080000)
}
Event: 15.759 GC heap before
{Heap before GC invocations=11 (full 1):
 PSYoungGen      total 148480K, used 148478K [0x0000000138400000, 0x0000000145680000, 0x000000014d980000)
  eden space 125440K, 100% used [0x0000000138400000,0x000000013fe80000,0x000000013fe80000)
  from space 23040K, 99% used [0x000000013fe80000,0x00000001414ff928,0x0000000141500000)
  to   space 29184K, 0% used [0x0000000143a00000,0x0000000143a00000,0x0000000145680000)
 ParOldGen       total 66560K, used 34700K [0x000000010d980000, 0x0000000111a80000, 0x0000000138400000)
  object space 66560K, 52% used [0x000000010d980000,0x000000010fb63250,0x0000000111a80000)
 PSPermGen       total 25600K, used 22731K [0x0000000108780000, 0x000000010a080000, 0x000000010d980000)
  object space 25600K, 88% used [0x0000000108780000,0x0000000109db2ef0,0x000000010a080000)
Event: 15.830 GC heap after
Heap after GC invocations=11 (full 1):
 PSYoungGen      total 183296K, used 25286K [0x0000000138400000, 0x0000000145980000, 0x000000014d980000)
  eden space 154112K, 0% used [0x0000000138400000,0x0000000138400000,0x0000000141a80000)
  from space 29184K, 86% used [0x0000000143a00000,0x00000001452b1b00,0x0000000145680000)
  to   space 32256K, 0% used [0x0000000141a80000,0x0000000141a80000,0x0000000143a00000)
 ParOldGen       total 66560K, used 34700K [0x000000010d980000, 0x0000000111a80000, 0x0000000138400000)
  object space 66560K, 52% used [0x000000010d980000,0x000000010fb63250,0x0000000111a80000)
 PSPermGen       total 25600K, used 22731K [0x0000000108780000, 0x000000010a080000, 0x000000010d980000)
  object space 25600K, 88% used [0x0000000108780000,0x0000000109db2ef0,0x000000010a080000)
}
Event: 23.479 GC heap before
{Heap before GC invocations=12 (full 1):
 PSYoungGen      total 183296K, used 179398K [0x0000000138400000, 0x0000000145980000, 0x000000014d980000)
  eden space 154112K, 100% used [0x0000000138400000,0x0000000141a80000,0x0000000141a80000)
  from space 29184K, 86% used [0x0000000143a00000,0x00000001452b1b00,0x0000000145680000)
  to   space 32256K, 0% used [0x0000000141a80000,0x0000000141a80000,0x0000000143a00000)
 ParOldGen       total 66560K, used 34700K [0x000000010d980000, 0x0000000111a80000, 0x0000000138400000)
  object space 66560K, 52% used [0x000000010d980000,0x000000010fb63250,0x0000000111a80000)
 PSPermGen       total 36352K, used 36013K [0x0000000108780000, 0x000000010ab00000, 0x000000010d980000)
  object space 36352K, 99% used [0x0000000108780000,0x000000010aaab4c8,0x000000010ab00000)
Event: 23.592 GC heap after
Heap after GC invocations=12 (full 1):
 PSYoungGen      total 186368K, used 32242K [0x0000000138400000, 0x0000000148280000, 0x000000014d980000)
  eden space 154112K, 0% used [0x0000000138400000,0x0000000138400000,0x0000000141a80000)
  from space 32256K, 99% used [0x0000000141a80000,0x00000001439fcb30,0x0000000143a00000)
  to   space 37376K, 0% used [0x0000000145e00000,0x0000000145e00000,0x0000000148280000)
 ParOldGen       total 66560K, used 35179K [0x000000010d980000, 0x0000000111a80000, 0x0000000138400000)
  object space 66560K, 52% used [0x000000010d980000,0x000000010fbdad08,0x0000000111a80000)
 PSPermGen       total 36352K, used 36013K [0x0000000108780000, 0x000000010ab00000, 0x000000010d980000)
  object space 36352K, 99% used [0x0000000108780000,0x000000010aaab4c8,0x000000010ab00000)
}
Event: 30.652 GC heap before
{Heap before GC invocations=13 (full 1):
 PSYoungGen      total 186368K, used 186354K [0x0000000138400000, 0x0000000148280000, 0x000000014d980000)
  eden space 154112K, 100% used [0x0000000138400000,0x0000000141a80000,0x0000000141a80000)
  from space 32256K, 99% used [0x0000000141a80000,0x00000001439fcb30,0x0000000143a00000)
  to   space 37376K, 0% used [0x0000000145e00000,0x0000000145e00000,0x0000000148280000)
 ParOldGen       total 66560K, used 35179K [0x000000010d980000, 0x0000000111a80000, 0x0000000138400000)
  object space 66560K, 52% used [0x000000010d980000,0x000000010fbdad08,0x0000000111a80000)
 PSPermGen       total 38400K, used 37985K [0x0000000108780000, 0x000000010ad00000, 0x000000010d980000)
  object space 38400K, 98% used [0x0000000108780000,0x000000010ac985f8,0x000000010ad00000)
Event: 30.833 GC heap after
Heap after GC invocations=13 (full 1):
 PSYoungGen      total 220160K, used 29406K [0x0000000138400000, 0x0000000148880000, 0x000000014d980000)
  eden space 182784K, 0% used [0x0000000138400000,0x0000000138400000,0x0000000143680000)
  from space 37376K, 78% used [0x0000000145e00000,0x0000000147ab7ab0,0x0000000148280000)
  to   space 40448K, 0% used [0x0000000143680000,0x0000000143680000,0x0000000145e00000)
 ParOldGen       total 66560K, used 50309K [0x000000010d980000, 0x0000000111a80000, 0x0000000138400000)
  object space 66560K, 75% used [0x000000010d980000,0x0000000110aa1430,0x0000000111a80000)
 PSPermGen       total 38400K, used 37985K [0x0000000108780000, 0x000000010ad00000, 0x000000010d980000)
  object space 38400K, 98% used [0x0000000108780000,0x000000010ac985f8,0x000000010ad00000)
}

